[15:08:25] [Client thread/INFO]: Setting user: Player546
[15:08:30] [Client thread/WARN]: Skipping bad option: lastServer:
[15:08:30] [Client thread/INFO]: LWJGL Version: 2.9.4
[15:08:35] [Client thread/INFO]: Reloading ResourceManager: Default, FMLFileResourcePack:Forge Mod Loader, FMLFileResourcePack:Minecraft Forge, FMLFileResourcePack:Prospecting
[15:08:38] [Sound Library Loader/INFO]: Starting up SoundSystem...
[15:08:38] [Thread-8/INFO]: Initializing LWJGL OpenAL
[15:08:38] [Thread-8/INFO]: (The LWJGL binding of OpenAL.  For more information, see http://www.lwjgl.org)
[15:08:39] [Thread-8/INFO]: OpenAL initialized.
[15:08:39] [Sound Library Loader/INFO]: Sound engine started
[15:08:43] [Client thread/INFO]: Created: 16x16 textures-atlas
[15:08:44] [Client thread/INFO]: Reloading ResourceManager: Default, FMLFileResourcePack:Forge Mod Loader, FMLFileResourcePack:Minecraft Forge, FMLFileResourcePack:Prospecting
[15:08:46] [Client thread/INFO]: SoundSystem shutting down...
[15:08:46] [Client thread/WARN]: Author: Paul Lamb, www.paulscode.com
[15:08:46] [Sound Library Loader/INFO]: Starting up SoundSystem...
[15:08:47] [Thread-10/INFO]: Initializing LWJGL OpenAL
[15:08:47] [Thread-10/INFO]: (The LWJGL binding of OpenAL.  For more information, see http://www.lwjgl.org)
[15:08:47] [Thread-10/INFO]: OpenAL initialized.
[15:08:47] [Sound Library Loader/INFO]: Sound engine started
[15:08:49] [Client thread/INFO]: Created: 512x512 textures-atlas
[15:08:50] [Client thread/WARN]: Skipping bad option: lastServer:
[15:08:51] [Realms Notification Availability checker #1/INFO]: Could not authorize you against Realms server: Invalid session id
[15:09:49] [Server thread/INFO]: Starting integrated minecraft server version 1.10.2
[15:09:49] [Server thread/INFO]: Generating keypair
[15:09:49] [Server thread/INFO]: Preparing start region for level 0
[15:09:50] [Server thread/INFO]: Changing view distance to 12, from 10
[15:09:51] [Server thread/INFO]: Player546[local:E:558efbdc] logged in with entity id 158 at (226.28351976380924, 4.0, 243.587876436947)
[15:09:51] [Server thread/INFO]: Player546 joined the game
[15:09:52] [Server thread/INFO]: Saving and pausing game...
[15:09:52] [Server thread/INFO]: Saving chunks for level 'New World'/Overworld
[15:09:52] [Server thread/INFO]: Saving chunks for level 'New World'/Nether
[15:09:52] [Server thread/INFO]: Saving chunks for level 'New World'/The End
[15:09:52] [pool-2-thread-1/WARN]: Couldn't look up profile properties for com.mojang.authlib.GameProfile@519a6981[id=f2ba1573-0c0d-3978-bb86-e2dc9c0eb9a4,name=Player546,properties={},legacy=false]
com.mojang.authlib.exceptions.AuthenticationException: The client has sent too many requests within a certain amount of time
	at com.mojang.authlib.yggdrasil.YggdrasilAuthenticationService.makeRequest(YggdrasilAuthenticationService.java:65) ~[YggdrasilAuthenticationService.class:?]
	at com.mojang.authlib.yggdrasil.YggdrasilMinecraftSessionService.fillGameProfile(YggdrasilMinecraftSessionService.java:175) [YggdrasilMinecraftSessionService.class:?]
	at com.mojang.authlib.yggdrasil.YggdrasilMinecraftSessionService$1.load(YggdrasilMinecraftSessionService.java:59) [YggdrasilMinecraftSessionService$1.class:?]
	at com.mojang.authlib.yggdrasil.YggdrasilMinecraftSessionService$1.load(YggdrasilMinecraftSessionService.java:56) [YggdrasilMinecraftSessionService$1.class:?]
	at com.google.common.cache.LocalCache$LoadingValueReference.loadFuture(LocalCache.java:3524) [guava-17.0.jar:?]
	at com.google.common.cache.LocalCache$Segment.loadSync(LocalCache.java:2317) [guava-17.0.jar:?]
	at com.google.common.cache.LocalCache$Segment.lockedGetOrLoad(LocalCache.java:2280) [guava-17.0.jar:?]
	at com.google.common.cache.LocalCache$Segment.get(LocalCache.java:2195) [guava-17.0.jar:?]
	at com.google.common.cache.LocalCache.get(LocalCache.java:3934) [guava-17.0.jar:?]
	at com.google.common.cache.LocalCache.getOrLoad(LocalCache.java:3938) [guava-17.0.jar:?]
	at com.google.common.cache.LocalCache$LocalLoadingCache.get(LocalCache.java:4821) [guava-17.0.jar:?]
	at com.google.common.cache.LocalCache$LocalLoadingCache.getUnchecked(LocalCache.java:4827) [guava-17.0.jar:?]
	at com.mojang.authlib.yggdrasil.YggdrasilMinecraftSessionService.fillProfileProperties(YggdrasilMinecraftSessionService.java:165) [YggdrasilMinecraftSessionService.class:?]
	at net.minecraft.client.Minecraft.getProfileProperties(Minecraft.java:3060) [Minecraft.class:?]
	at net.minecraft.client.resources.SkinManager$3.run(SkinManager.java:131) [SkinManager$3.class:?]
	at java.util.concurrent.Executors$RunnableAdapter.call(Executors.java:511) [?:1.8.0_144]
	at java.util.concurrent.FutureTask.run(FutureTask.java:266) [?:1.8.0_144]
	at java.util.concurrent.ThreadPoolExecutor.runWorker(ThreadPoolExecutor.java:1149) [?:1.8.0_144]
	at java.util.concurrent.ThreadPoolExecutor$Worker.run(ThreadPoolExecutor.java:624) [?:1.8.0_144]
	at java.lang.Thread.run(Thread.java:748) [?:1.8.0_144]
[15:09:53] [Server thread/INFO]: Player546 has just earned the achievement [Taking Inventory]
[15:09:53] [Client thread/INFO]: [CHAT] Player546 has just earned the achievement [Taking Inventory]
[15:10:36] [Server thread/INFO]: Saving and pausing game...
[15:10:36] [Server thread/INFO]: Saving chunks for level 'New World'/Overworld
[15:10:36] [Server thread/INFO]: Saving chunks for level 'New World'/Nether
[15:10:36] [Server thread/INFO]: Saving chunks for level 'New World'/The End
[15:10:36] [Server thread/INFO]: Stopping server
[15:10:36] [Server thread/INFO]: Saving players
[15:10:36] [Server thread/INFO]: Saving worlds
[15:10:36] [Server thread/INFO]: Saving chunks for level 'New World'/Overworld
[15:10:36] [Server thread/INFO]: Saving chunks for level 'New World'/Nether
[15:10:36] [Server thread/INFO]: Saving chunks for level 'New World'/The End
[15:10:38] [Client thread/INFO]: Stopping!
[15:10:38] [Client thread/INFO]: SoundSystem shutting down...
[15:10:38] [Client thread/WARN]: Author: Paul Lamb, www.paulscode.com
